[2023-07-24T16:44:20.781] [DEBUG] cheese - login => username:admin,password:123456
[2023-07-24T16:44:20.783] [DEBUG] cheese - admin
[2023-07-24T16:44:20.789] [DEBUG] cheese - { inspect: [Function: inspect] }
[2023-07-24T16:44:20.791] [DEBUG] cheese - 查询失败
[2023-07-24T16:44:32.361] [DEBUG] cheese - login => username:admin,password:123456
[2023-07-24T16:44:32.361] [DEBUG] cheese - admin
[2023-07-24T16:44:32.363] [DEBUG] cheese - { inspect: [Function: inspect] }
[2023-07-24T16:44:32.363] [DEBUG] cheese - 查询失败
[2023-07-24T17:08:10.960] [DEBUG] cheese - login => username:admin,password:123456
[2023-07-24T17:08:10.961] [DEBUG] cheese - admin
[2023-07-24T17:08:10.967] [DEBUG] cheese - { inspect: [Function: inspect] }
[2023-07-24T17:08:10.968] [DEBUG] cheese - 查询失败
[2023-08-01T13:23:07.025] [DEBUG] cheese - login => username:admin,password:123456
[2023-08-01T13:23:07.027] [DEBUG] cheese - admin
[2023-08-01T13:23:07.042] [DEBUG] cheese - null
[2023-08-01T13:23:07.042] [DEBUG] cheese - null
[2023-08-06T14:43:28.263] [DEBUG] cheese - login => username:admin,password:123456
[2023-08-06T14:43:28.266] [DEBUG] cheese - admin
[2023-08-06T14:43:28.290] [DEBUG] cheese - null
[2023-08-06T14:43:28.290] [DEBUG] cheese - null
[2023-08-06T14:44:18.285] [DEBUG] cheese - login => username:admin,password:123456
[2023-08-06T14:44:18.286] [DEBUG] cheese - admin
[2023-08-06T14:44:18.289] [DEBUG] cheese - null
[2023-08-06T14:44:18.289] [DEBUG] cheese - null
[2023-08-06T14:46:13.066] [DEBUG] cheese - login => username:admin,password:123456+
[2023-08-06T14:46:13.067] [DEBUG] cheese - admin
[2023-08-06T14:46:13.069] [DEBUG] cheese - null
[2023-08-06T14:46:13.069] [DEBUG] cheese - null
[2023-08-06T14:46:25.866] [DEBUG] cheese - login => username:admin,password:123456
[2023-08-06T14:46:25.866] [DEBUG] cheese - admin
[2023-08-06T14:46:25.868] [DEBUG] cheese - null
[2023-08-06T14:46:25.868] [DEBUG] cheese - null
[2023-08-06T14:50:57.951] [DEBUG] cheese - login => username:admin,password:123456
[2023-08-06T14:50:57.952] [DEBUG] cheese - admin
[2023-08-06T14:50:57.960] [DEBUG] cheese - null
[2023-08-06T14:50:57.960] [DEBUG] cheese - null
[2023-08-06T14:51:28.967] [DEBUG] cheese - login => username:admin,password:123456
[2023-08-06T14:51:28.967] [DEBUG] cheese - admin
[2023-08-06T14:51:28.970] [DEBUG] cheese - null
[2023-08-06T14:51:28.970] [DEBUG] cheese - null
[2023-08-06T14:52:42.498] [DEBUG] cheese - login => username:admin,password:123456
[2023-08-06T14:52:42.498] [DEBUG] cheese - admin
[2023-08-06T14:52:42.500] [DEBUG] cheese - null
[2023-08-06T14:52:42.500] [DEBUG] cheese - null
[2023-08-06T14:52:43.262] [DEBUG] cheese - login => username:admin,password:123456
[2023-08-06T14:52:43.262] [DEBUG] cheese - admin
[2023-08-06T14:52:43.264] [DEBUG] cheese - null
[2023-08-06T14:52:43.264] [DEBUG] cheese - null
[2023-08-06T14:52:43.870] [DEBUG] cheese - login => username:admin,password:123456
[2023-08-06T14:52:43.870] [DEBUG] cheese - admin
[2023-08-06T14:52:43.873] [DEBUG] cheese - null
[2023-08-06T14:52:43.873] [DEBUG] cheese - null
[2023-08-06T14:52:44.246] [DEBUG] cheese - login => username:admin,password:123456
[2023-08-06T14:52:44.246] [DEBUG] cheese - admin
[2023-08-06T14:52:44.248] [DEBUG] cheese - null
[2023-08-06T14:52:44.248] [DEBUG] cheese - null
[2023-08-06T14:52:44.477] [DEBUG] cheese - login => username:admin,password:123456
[2023-08-06T14:52:44.478] [DEBUG] cheese - admin
[2023-08-06T14:52:44.481] [DEBUG] cheese - null
[2023-08-06T14:52:44.481] [DEBUG] cheese - null
[2023-08-06T14:52:44.829] [DEBUG] cheese - login => username:admin,password:123456
[2023-08-06T14:52:44.829] [DEBUG] cheese - admin
[2023-08-06T14:52:44.831] [DEBUG] cheese - null
[2023-08-06T14:52:44.831] [DEBUG] cheese - null
[2023-08-06T14:52:45.021] [DEBUG] cheese - login => username:admin,password:123456
[2023-08-06T14:52:45.021] [DEBUG] cheese - admin
[2023-08-06T14:52:45.024] [DEBUG] cheese - null
[2023-08-06T14:52:45.024] [DEBUG] cheese - null
[2023-08-06T14:52:45.182] [DEBUG] cheese - login => username:admin,password:123456
[2023-08-06T14:52:45.182] [DEBUG] cheese - admin
[2023-08-06T14:52:45.183] [DEBUG] cheese - null
[2023-08-06T14:52:45.183] [DEBUG] cheese - null
[2023-08-06T16:16:12.293] [DEBUG] cheese - login => username:admin,password:123456
[2023-08-06T16:16:12.293] [DEBUG] cheese - admin
[2023-08-06T16:16:12.297] [DEBUG] cheese - null
[2023-08-06T16:16:12.297] [DEBUG] cheese - null
[2023-08-06T16:16:13.568] [DEBUG] cheese - login => username:admin,password:123456
[2023-08-06T16:16:13.568] [DEBUG] cheese - admin
[2023-08-06T16:16:13.569] [DEBUG] cheese - null
[2023-08-06T16:16:13.569] [DEBUG] cheese - null
[2023-08-06T16:16:13.944] [DEBUG] cheese - login => username:admin,password:123456
[2023-08-06T16:16:13.944] [DEBUG] cheese - admin
[2023-08-06T16:16:13.945] [DEBUG] cheese - null
[2023-08-06T16:16:13.945] [DEBUG] cheese - null
[2023-08-06T16:36:40.956] [DEBUG] cheese - login => username:admin,password:123456
[2023-08-06T16:36:40.957] [DEBUG] cheese - admin
[2023-08-06T16:36:40.966] [DEBUG] cheese - null
[2023-08-06T16:36:40.967] [DEBUG] cheese - null
[2023-08-06T16:36:55.941] [DEBUG] cheese - login => username:admin,password:123456
[2023-08-06T16:36:55.941] [DEBUG] cheese - admin
[2023-08-06T16:36:55.943] [DEBUG] cheese - null
[2023-08-06T16:36:55.943] [DEBUG] cheese - null
[2023-08-06T16:37:47.310] [DEBUG] cheese - login => username:admin,password:123456
[2023-08-06T16:37:47.310] [DEBUG] cheese - admin
[2023-08-06T16:37:47.312] [DEBUG] cheese - null
[2023-08-06T16:37:47.312] [DEBUG] cheese - null
[2023-08-07T16:09:27.770] [DEBUG] cheese - login => username:admin,password:123456
[2023-08-07T16:09:27.772] [DEBUG] cheese - admin
[2023-08-07T16:09:27.791] [DEBUG] cheese - null
[2023-08-07T16:09:27.791] [DEBUG] cheese - null
[2023-08-07T16:10:43.443] [DEBUG] cheese - login => username:admin,password:123456
[2023-08-07T16:10:43.443] [DEBUG] cheese - admin
[2023-08-07T16:10:43.446] [DEBUG] cheese - null
[2023-08-07T16:10:43.446] [DEBUG] cheese - null
[2023-08-07T16:11:57.776] [DEBUG] cheese - login => username:admin,password:123456
[2023-08-07T16:11:57.776] [DEBUG] cheese - admin
[2023-08-07T16:11:57.779] [DEBUG] cheese - null
[2023-08-07T16:11:57.779] [DEBUG] cheese - null
[2023-08-07T16:13:21.111] [DEBUG] cheese - login => username:admin,password:123456
[2023-08-07T16:13:21.111] [DEBUG] cheese - admin
[2023-08-07T16:13:21.114] [DEBUG] cheese - null
[2023-08-07T16:13:21.114] [DEBUG] cheese - null
[2023-08-07T16:46:54.046] [DEBUG] cheese - login => username:admin,password:123456
[2023-08-07T16:46:54.046] [DEBUG] cheese - admin
[2023-08-07T16:46:54.050] [DEBUG] cheese - null
[2023-08-07T16:46:54.051] [DEBUG] cheese - null
[2023-08-07T16:47:01.429] [DEBUG] cheese - login => username:admin,password:123456
[2023-08-07T16:47:01.429] [DEBUG] cheese - admin
[2023-08-07T16:47:01.431] [DEBUG] cheese - null
[2023-08-07T16:47:01.431] [DEBUG] cheese - null
[2023-08-07T16:48:07.094] [DEBUG] cheese - login => username:admin,password:123456
[2023-08-07T16:48:07.094] [DEBUG] cheese - admin
[2023-08-07T16:48:07.096] [DEBUG] cheese - null
[2023-08-07T16:48:07.096] [DEBUG] cheese - null
[2023-08-07T16:48:27.605] [DEBUG] cheese - login => username:admin,password:123456
[2023-08-07T16:48:27.605] [DEBUG] cheese - admin
[2023-08-07T16:48:27.606] [DEBUG] cheese - null
[2023-08-07T16:48:27.606] [DEBUG] cheese - null
[2023-08-07T16:52:49.768] [DEBUG] cheese - login => username:admin,password:123456
[2023-08-07T16:52:49.768] [DEBUG] cheese - admin
[2023-08-07T16:52:49.773] [DEBUG] cheese - null
[2023-08-07T16:52:49.773] [DEBUG] cheese - null
[2023-08-07T16:56:25.226] [DEBUG] cheese - login => username:admin,password:123456
[2023-08-07T16:56:25.226] [DEBUG] cheese - admin
[2023-08-07T16:56:25.230] [DEBUG] cheese - null
[2023-08-07T16:56:25.231] [DEBUG] cheese - null
[2023-08-07T16:56:33.762] [DEBUG] cheese - login => username:admin,password:123456
[2023-08-07T16:56:33.762] [DEBUG] cheese - admin
[2023-08-07T16:56:33.764] [DEBUG] cheese - null
[2023-08-07T16:56:33.765] [DEBUG] cheese - null
[2023-08-10T14:32:43.509] [DEBUG] cheese - login => username:admin,password:123456
[2023-08-10T14:32:43.511] [DEBUG] cheese - admin
[2023-08-10T14:32:43.530] [DEBUG] cheese - null
[2023-08-10T14:32:43.530] [DEBUG] cheese - null
[2023-08-10T15:28:59.260] [DEBUG] cheese - login => username:admin,password:123456
[2023-08-10T15:28:59.260] [DEBUG] cheese - admin
[2023-08-10T15:28:59.274] [DEBUG] cheese - null
[2023-08-10T15:28:59.274] [DEBUG] cheese - null
[2023-08-10T15:33:53.913] [DEBUG] cheese - login => username:admin,password:123456
[2023-08-10T15:33:53.914] [DEBUG] cheese - admin
[2023-08-10T15:33:53.927] [DEBUG] cheese - null
[2023-08-10T15:33:53.927] [DEBUG] cheese - null
[2023-08-10T18:33:35.090] [DEBUG] cheese - login => username:admin,password:123456
[2023-08-10T18:33:35.091] [DEBUG] cheese - admin
[2023-08-10T18:33:35.105] [DEBUG] cheese - null
[2023-08-10T18:33:35.106] [DEBUG] cheese - null
[2023-08-11T15:35:38.280] [DEBUG] cheese - login => username:admin,password:123456
[2023-08-11T15:35:38.282] [DEBUG] cheese - admin
[2023-08-11T15:35:38.301] [DEBUG] cheese - null
[2023-08-11T15:35:38.301] [DEBUG] cheese - null
[2023-08-11T15:47:28.187] [DEBUG] cheese - login => username:admin,password:123456
[2023-08-11T15:47:28.188] [DEBUG] cheese - admin
[2023-08-11T15:47:28.192] [DEBUG] cheese - null
[2023-08-11T15:47:28.193] [DEBUG] cheese - null
[2023-08-11T17:41:28.910] [DEBUG] cheese - login => username:admin,password:123456
[2023-08-11T17:41:28.911] [DEBUG] cheese - admin
[2023-08-11T17:41:28.916] [DEBUG] cheese - null
[2023-08-11T17:41:28.916] [DEBUG] cheese - null
[2023-08-12T09:23:29.688] [DEBUG] cheese - login => username:admin,password:123456
[2023-08-12T09:23:29.689] [DEBUG] cheese - admin
[2023-08-12T09:23:29.704] [DEBUG] cheese - null
[2023-08-12T09:23:29.705] [DEBUG] cheese - null
[2023-08-12T10:29:03.859] [DEBUG] cheese - login => username:admin,password:123456
[2023-08-12T10:29:03.859] [DEBUG] cheese - admin
[2023-08-12T10:29:03.862] [DEBUG] cheese - null
[2023-08-12T10:29:03.862] [DEBUG] cheese - null
[2023-08-13T14:36:43.889] [DEBUG] cheese - login => username:admin,password:123456
[2023-08-13T14:36:43.890] [DEBUG] cheese - admin
[2023-08-13T14:36:43.904] [DEBUG] cheese - null
[2023-08-13T14:36:43.904] [DEBUG] cheese - null
[2023-08-14T10:18:19.850] [DEBUG] cheese - login => username:admin,password:123456
[2023-08-14T10:18:19.851] [DEBUG] cheese - admin
[2023-08-14T10:18:19.864] [DEBUG] cheese - null
[2023-08-14T10:18:19.865] [DEBUG] cheese - null
[2023-08-17T13:35:32.231] [DEBUG] cheese - login => username:admin,password:123456
[2023-08-17T13:35:32.232] [DEBUG] cheese - admin
[2023-08-17T13:35:32.245] [DEBUG] cheese - null
[2023-08-17T13:35:32.245] [DEBUG] cheese - null
[2023-08-17T16:25:20.081] [DEBUG] cheese - login => username:admin,password:123456
[2023-08-17T16:25:20.082] [DEBUG] cheese - admin
[2023-08-17T16:25:20.095] [DEBUG] cheese - null
[2023-08-17T16:25:20.096] [DEBUG] cheese - null
[2023-08-19T12:24:41.906] [DEBUG] cheese - login => username:admin,password:123456
[2023-08-19T12:24:41.907] [DEBUG] cheese - admin
[2023-08-19T12:24:41.919] [DEBUG] cheese - null
[2023-08-19T12:24:41.919] [DEBUG] cheese - null
[2023-08-19T12:31:15.076] [DEBUG] cheese - login => username:admin,password:123456
[2023-08-19T12:31:15.076] [DEBUG] cheese - admin
[2023-08-19T12:31:15.080] [DEBUG] cheese - null
[2023-08-19T12:31:15.080] [DEBUG] cheese - null
[2023-08-19T12:31:44.987] [DEBUG] cheese - login => username:admin,password:123456
[2023-08-19T12:31:44.988] [DEBUG] cheese - admin
[2023-08-19T12:31:44.990] [DEBUG] cheese - null
[2023-08-19T12:31:44.990] [DEBUG] cheese - null
[2023-08-19T12:34:16.475] [DEBUG] cheese - login => username:admin,password:123456
[2023-08-19T12:34:16.475] [DEBUG] cheese - admin
[2023-08-19T12:34:16.478] [DEBUG] cheese - null
[2023-08-19T12:34:16.478] [DEBUG] cheese - null
[2023-08-19T12:36:50.067] [DEBUG] cheese - login => username:admin,password:123456
[2023-08-19T12:36:50.067] [DEBUG] cheese - admin
[2023-08-19T12:36:50.070] [DEBUG] cheese - null
[2023-08-19T12:36:50.070] [DEBUG] cheese - null
[2023-08-19T12:43:49.955] [DEBUG] cheese - login => username:admin,password:123456
[2023-08-19T12:43:49.955] [DEBUG] cheese - admin
[2023-08-19T12:43:49.958] [DEBUG] cheese - null
[2023-08-19T12:43:49.958] [DEBUG] cheese - null
[2023-08-19T12:45:34.299] [DEBUG] cheese - login => username:admin,password:123456
[2023-08-19T12:45:34.299] [DEBUG] cheese - admin
[2023-08-19T12:45:34.301] [DEBUG] cheese - null
[2023-08-19T12:45:34.302] [DEBUG] cheese - null
[2023-08-19T14:29:30.903] [DEBUG] cheese - login => username:admin,password:123456
[2023-08-19T14:29:30.904] [DEBUG] cheese - admin
[2023-08-19T14:29:30.913] [DEBUG] cheese - null
[2023-08-19T14:29:30.913] [DEBUG] cheese - null
[2023-08-19T14:33:21.586] [DEBUG] cheese - login => username:admin,password:123456
[2023-08-19T14:33:21.588] [DEBUG] cheese - admin
[2023-08-19T14:33:21.590] [DEBUG] cheese - null
[2023-08-19T14:33:21.590] [DEBUG] cheese - null
[2023-08-23T12:27:45.347] [DEBUG] cheese - login => username:admin,password:123456
[2023-08-23T12:27:45.351] [DEBUG] cheese - admin
[2023-08-23T12:27:45.413] [DEBUG] cheese - null
[2023-08-23T12:27:45.414] [DEBUG] cheese - null
[2023-08-23T14:06:51.695] [DEBUG] cheese - login => username:admin,password:123456
[2023-08-23T14:06:51.696] [DEBUG] cheese - admin
[2023-08-23T14:06:51.757] [DEBUG] cheese - null
[2023-08-23T14:06:51.758] [DEBUG] cheese - null
[2023-08-23T14:26:29.781] [DEBUG] cheese - login => username:admin,password:123456
[2023-08-23T14:26:29.782] [DEBUG] cheese - admin
[2023-08-23T14:26:29.788] [DEBUG] cheese - null
[2023-08-23T14:26:29.789] [DEBUG] cheese - null
[2023-09-02T18:19:08.920] [DEBUG] cheese - login => username:admin,password:123456
[2023-09-02T18:19:08.921] [DEBUG] cheese - admin
[2023-09-02T18:19:08.934] [DEBUG] cheese - null
[2023-09-02T18:19:08.934] [DEBUG] cheese - null
[2023-09-19T15:31:50.762] [DEBUG] cheese - login => username:admin,password:123456
[2023-09-19T15:31:50.764] [DEBUG] cheese - admin
[2023-09-19T15:31:50.781] [DEBUG] cheese - null
[2023-09-19T15:31:50.782] [DEBUG] cheese - null
[2023-09-19T15:34:54.853] [DEBUG] cheese - login => username:admin,password:123456
[2023-09-19T15:34:54.853] [DEBUG] cheese - admin
[2023-09-19T15:34:54.857] [DEBUG] cheese - null
[2023-09-19T15:34:54.858] [DEBUG] cheese - null
[2023-09-19T19:23:23.045] [DEBUG] cheese - login => username:admin,password:123456
[2023-09-19T19:23:23.046] [DEBUG] cheese - admin
[2023-09-19T19:23:23.060] [DEBUG] cheese - null
[2023-09-19T19:23:23.060] [DEBUG] cheese - null
[2023-09-19T20:28:17.799] [DEBUG] cheese - login => username:admin,password:123456
[2023-09-19T20:28:17.800] [DEBUG] cheese - admin
[2023-09-19T20:28:17.808] [DEBUG] cheese - null
[2023-09-19T20:28:17.808] [DEBUG] cheese - null
[2023-09-19T20:28:33.748] [DEBUG] cheese - login => username:admin,password:123456
[2023-09-19T20:28:33.749] [DEBUG] cheese - admin
[2023-09-19T20:28:33.750] [DEBUG] cheese - null
[2023-09-19T20:28:33.750] [DEBUG] cheese - null
[2023-09-19T20:37:01.855] [DEBUG] cheese - login => username:admin,password:123456
[2023-09-19T20:37:01.855] [DEBUG] cheese - admin
[2023-09-19T20:37:01.860] [DEBUG] cheese - null
[2023-09-19T20:37:01.860] [DEBUG] cheese - null
[2023-09-19T21:10:00.685] [DEBUG] cheese - login => username:admin,password:123456
[2023-09-19T21:10:00.686] [DEBUG] cheese - admin
[2023-09-19T21:10:00.694] [DEBUG] cheese - null
[2023-09-19T21:10:00.695] [DEBUG] cheese - null
[2023-09-19T21:21:05.682] [DEBUG] cheese - login => username:admin,password:123456
[2023-09-19T21:21:05.683] [DEBUG] cheese - admin
[2023-09-19T21:21:05.688] [DEBUG] cheese - null
[2023-09-19T21:21:05.688] [DEBUG] cheese - null
[2023-09-19T21:40:04.693] [DEBUG] cheese - login => username:admin,password:123456
[2023-09-19T21:40:04.693] [DEBUG] cheese - admin
[2023-09-19T21:40:04.697] [DEBUG] cheese - null
[2023-09-19T21:40:04.697] [DEBUG] cheese - null
[2023-09-20T09:33:44.055] [DEBUG] cheese - login => username:admin,password:123456
[2023-09-20T09:33:44.057] [DEBUG] cheese - admin
[2023-09-20T09:33:44.080] [DEBUG] cheese - null
[2023-09-20T09:33:44.082] [DEBUG] cheese - null
[2023-09-20T09:40:09.385] [DEBUG] cheese - login => username:admin,password:123456
[2023-09-20T09:40:09.386] [DEBUG] cheese - admin
[2023-09-20T09:40:09.388] [DEBUG] cheese - null
[2023-09-20T09:40:09.388] [DEBUG] cheese - null
[2023-09-20T16:40:35.008] [DEBUG] cheese - login => username:admin,password:123456
[2023-09-20T16:40:35.010] [DEBUG] cheese - admin
[2023-09-20T16:40:35.016] [DEBUG] cheese - null
[2023-09-20T16:40:35.016] [DEBUG] cheese - null
[2023-09-21T10:30:12.342] [DEBUG] cheese - login => username:admin,password:123456
[2023-09-21T10:30:12.343] [DEBUG] cheese - admin
[2023-09-21T10:30:12.356] [DEBUG] cheese - null
[2023-09-21T10:30:12.357] [DEBUG] cheese - null
[2023-09-21T11:38:46.249] [DEBUG] cheese - null
[2023-09-21T11:51:28.702] [DEBUG] cheese - null
[2023-09-21T11:52:28.934] [DEBUG] cheese - null
[2023-09-21T11:52:48.791] [DEBUG] cheese - null
[2023-09-21T11:54:40.465] [DEBUG] cheese - null
[2023-09-21T11:54:46.263] [DEBUG] cheese - null
[2023-09-21T21:05:45.022] [DEBUG] cheese - login => username:admin,password:123456
[2023-09-21T21:05:45.022] [DEBUG] cheese - admin
[2023-09-21T21:05:45.031] [DEBUG] cheese - null
[2023-09-21T21:05:45.032] [DEBUG] cheese - null
